<?xml version="1.0" encoding="UTF-8"?>
<testsuite xmlns:xsi="http://www.w3.org/2001/XMLSchema-instance" xsi:noNamespaceSchemaLocation="https://maven.apache.org/surefire/maven-surefire-plugin/xsd/surefire-test-report.xsd" version="3.0.2" name="com.example.openinview.OpeninviewApplicationTests" time="5.459" tests="1" errors="0" skipped="0" failures="0">
  <properties>
[...]
</properties>
  <testcase name="contextLoads" classname="com.example.openinview.OpeninviewApplicationTests" time="0.424">
    <system-out><![CDATA[21:12:53.826 [main] INFO org.springframework.test.context.support.AnnotationConfigContextLoaderUtils -- Could not detect default configuration classes for test class [com.example.openinview.OpeninviewApplicationTests]: OpeninviewApplicationTests does not declare any static, non-private, non-final, nested classes annotated with @Configuration.
21:12:53.952 [main] INFO org.springframework.boot.test.context.SpringBootTestContextBootstrapper -- Found @SpringBootConfiguration com.example.openinview.OpeninviewApplication for test class com.example.openinview.OpeninviewApplicationTests

  .   ____          _            __ _ _
 /\\ / ___'_ __ _ _(_)_ __  __ _ \ \ \ \
( ( )\___ | '_ | '_| | '_ \/ _` | \ \ \ \
 \\/  ___)| |_)| | | | | || (_| |  ) ) ) )
  '  |____| .__|_| |_|_| |_\__, | / / / /
 =========|_|==============|___/=/_/_/_/

 :: Spring Boot ::                (v3.5.0)

2025-06-10T21:12:54.480+05:00  INFO 41288 --- [openinview] [           main] c.e.o.OpeninviewApplicationTests         : Starting OpeninviewApplicationTests using Java 23.0.1 with PID 41288 (started by PMYLS in C:\Users\PMLS\Documents\SpringBoot\00) Starter Training by Mohsin Ali Redmath\01) Open in view (LazyInitializationException)\openinview solution)
2025-06-10T21:12:54.481+05:00  INFO 41288 --- [openinview] [           main] c.e.o.OpeninviewApplicationTests         : No active profile set, falling back to 1 default profile: "default"
2025-06-10T21:12:55.171+05:00  INFO 41288 --- [openinview] [           main] .s.d.r.c.RepositoryConfigurationDelegate : Bootstrapping Spring Data JPA repositories in DEFAULT mode.
2025-06-10T21:12:55.241+05:00  INFO 41288 --- [openinview] [           main] .s.d.r.c.RepositoryConfigurationDelegate : Finished Spring Data repository scanning in 57 ms. Found 1 JPA repository interface.
2025-06-10T21:12:55.675+05:00  INFO 41288 --- [openinview] [           main] o.hibernate.jpa.internal.util.LogHelper  : HHH000204: Processing PersistenceUnitInfo [name: default]
2025-06-10T21:12:55.736+05:00  INFO 41288 --- [openinview] [           main] org.hibernate.Version                    : HHH000412: Hibernate ORM core version 6.6.15.Final
2025-06-10T21:12:55.771+05:00  INFO 41288 --- [openinview] [           main] o.h.c.internal.RegionFactoryInitiator    : HHH000026: Second-level cache disabled
2025-06-10T21:12:56.136+05:00  INFO 41288 --- [openinview] [           main] o.s.o.j.p.SpringPersistenceUnitInfo      : No LoadTimeWeaver setup: ignoring JPA class transformer
2025-06-10T21:12:56.181+05:00  INFO 41288 --- [openinview] [           main] com.zaxxer.hikari.HikariDataSource       : HikariPool-1 - Starting...
2025-06-10T21:12:56.440+05:00  INFO 41288 --- [openinview] [           main] com.zaxxer.hikari.pool.HikariPool        : HikariPool-1 - Added connection conn0: url=jdbc:h2:mem:testdb user=SA
2025-06-10T21:12:56.443+05:00  INFO 41288 --- [openinview] [           main] com.zaxxer.hikari.HikariDataSource       : HikariPool-1 - Start completed.
2025-06-10T21:12:56.531+05:00  INFO 41288 --- [openinview] [           main] org.hibernate.orm.connections.pooling    : HHH10001005: Database info:
	Database JDBC URL [Connecting through datasource 'HikariDataSource (HikariPool-1)']
	Database driver: undefined/unknown
	Database version: 2.3.232
	Autocommit mode: undefined/unknown
	Isolation level: undefined/unknown
	Minimum pool size: undefined/unknown
	Maximum pool size: undefined/unknown
2025-06-10T21:12:57.329+05:00  INFO 41288 --- [openinview] [           main] o.h.e.t.j.p.i.JtaPlatformInitiator       : HHH000489: No JTA platform available (set 'hibernate.transaction.jta.platform' to enable JTA platform integration)
2025-06-10T21:12:57.340+05:00 DEBUG 41288 --- [openinview] [           main] org.hibernate.SQL                        : drop table if exists Posts cascade 
Hibernate: drop table if exists Posts cascade 
2025-06-10T21:12:57.344+05:00 DEBUG 41288 --- [openinview] [           main] org.hibernate.SQL                        : drop table if exists Users cascade 
Hibernate: drop table if exists Users cascade 
2025-06-10T21:12:57.347+05:00 DEBUG 41288 --- [openinview] [           main] org.hibernate.SQL                        : create table Posts (ID bigint not null, UserId bigint, Title varchar(255), primary key (ID))
Hibernate: create table Posts (ID bigint not null, UserId bigint, Title varchar(255), primary key (ID))
2025-06-10T21:12:57.352+05:00 DEBUG 41288 --- [openinview] [           main] org.hibernate.SQL                        : create table Users (ID bigint not null, Name varchar(255), primary key (ID))
Hibernate: create table Users (ID bigint not null, Name varchar(255), primary key (ID))
2025-06-10T21:12:57.352+05:00 DEBUG 41288 --- [openinview] [           main] org.hibernate.SQL                        : alter table if exists Posts add constraint FKgp74ik0k4rq7lk7aw2yvu8rhm foreign key (UserId) references Users
Hibernate: alter table if exists Posts add constraint FKgp74ik0k4rq7lk7aw2yvu8rhm foreign key (UserId) references Users
2025-06-10T21:12:57.365+05:00  INFO 41288 --- [openinview] [           main] j.LocalContainerEntityManagerFactoryBean : Initialized JPA EntityManagerFactory for persistence unit 'default'
2025-06-10T21:12:57.608+05:00  INFO 41288 --- [openinview] [           main] o.s.d.j.r.query.QueryEnhancerFactory     : Hibernate is in classpath; If applicable, HQL parser will be used.
2025-06-10T21:12:58.626+05:00  INFO 41288 --- [openinview] [           main] o.s.b.a.h2.H2ConsoleAutoConfiguration    : H2 console available at '/h2-console'. Database available at 'jdbc:h2:mem:testdb'
2025-06-10T21:12:58.702+05:00  INFO 41288 --- [openinview] [           main] c.e.o.OpeninviewApplicationTests         : Started OpeninviewApplicationTests in 4.58 seconds (process running for 5.751)
]]></system-out>
    <system-err><![CDATA[Mockito is currently self-attaching to enable the inline-mock-maker. This will no longer work in future releases of the JDK. Please add Mockito as an agent to your build as described in Mockito's documentation: https://javadoc.io/doc/org.mockito/mockito-core/latest/org.mockito/org/mockito/Mockito.html#0.3
WARNING: A Java agent has been loaded dynamically (C:\Users\PMLS\.m2\repository\net\bytebuddy\byte-buddy-agent\1.17.5\byte-buddy-agent-1.17.5.jar)
WARNING: If a serviceability tool is in use, please run with -XX:+EnableDynamicAgentLoading to hide this warning
WARNING: If a serviceability tool is not in use, please run with -Djdk.instrument.traceUsage for more information
WARNING: Dynamic loading of agents will be disallowed by default in a future release
]]></system-err>
  </testcase>
</testsuite>